<?xml version="1.0" encoding="UTF-8"?>
<testng-results ignored="0" total="2" passed="2" failed="0" skipped="0">
  <reporter-output>
  </reporter-output>
  <suite started-at="2024-08-20T19:39:46 IST" name="Suite" finished-at="2024-08-20T19:39:53 IST" duration-ms="7163">
    <groups>
    </groups>
    <test started-at="2024-08-20T19:39:46 IST" name="chrome Test" finished-at="2024-08-20T19:39:52 IST" duration-ms="5698">
      <class name="org.test.CrossBrowser">
        <test-method signature="test(java.lang.String,java.lang.String,java.lang.String,java.lang.String)[pri:0, instance:org.test.CrossBrowser@201a4587]" started-at="2024-08-20T19:39:46 IST" name="test" finished-at="2024-08-20T19:39:52 IST" duration-ms="5631" status="PASS">
          <params>
            <param index="0">
              <value>
                <![CDATA[chrome]]>
              </value>
            </param>
            <param index="1">
              <value>
                <![CDATA[https://adactinhotelapp.com/]]>
              </value>
            </param>
            <param index="2">
              <value>
                <![CDATA[subhiksha]]>
              </value>
            </param>
            <param index="3">
              <value>
                <![CDATA[subhiksha31@M]]>
              </value>
            </param>
          </params>
          <reporter-output>
          </reporter-output>
        </test-method> <!-- test -->
      </class> <!-- org.test.CrossBrowser -->
    </test> <!-- chrome Test -->
    <test started-at="2024-08-20T19:39:46 IST" name="edge Test" finished-at="2024-08-20T19:39:53 IST" duration-ms="7163">
      <class name="org.test.CrossBrowser">
        <test-method signature="test(java.lang.String,java.lang.String,java.lang.String,java.lang.String)[pri:0, instance:org.test.CrossBrowser@53fe15ff]" started-at="2024-08-20T19:39:46 IST" name="test" finished-at="2024-08-20T19:39:53 IST" duration-ms="7103" status="PASS">
          <params>
            <param index="0">
              <value>
                <![CDATA[edge]]>
              </value>
            </param>
            <param index="1">
              <value>
                <![CDATA[https://adactinhotelapp.com/]]>
              </value>
            </param>
            <param index="2">
              <value>
                <![CDATA[subhiksha]]>
              </value>
            </param>
            <param index="3">
              <value>
                <![CDATA[subhiksha31@M]]>
              </value>
            </param>
          </params>
          <reporter-output>
          </reporter-output>
        </test-method> <!-- test -->
      </class> <!-- org.test.CrossBrowser -->
    </test> <!-- edge Test -->
  </suite> <!-- Suite -->
</testng-results>
